{"D:\\git_projects\\nestjs-express-apollo-federation-practice.git\\jest.config.js": {"path":"D:\\git_projects\\nestjs-express-apollo-federation-practice.git\\jest.config.js","statementMap":{"0":{"start":{"line":2,"column":0},"end":{"line":12,"column":2}}},"fnMap":{},"branchMap":{},"s":{"0":0},"f":{},"b":{},"inputSourceMap":null}
,"D:\\git_projects\\nestjs-express-apollo-federation-practice.git\\packages\\sum.ts": {"path":"D:\\git_projects\\nestjs-express-apollo-federation-practice.git\\packages\\sum.ts","statementMap":{"0":{"start":{"line":1,"column":19},"end":{"line":3,"column":1}},"1":{"start":{"line":2,"column":2},"end":{"line":2,"column":null}},"2":{"start":{"line":1,"column":13},"end":{"line":1,"column":19}}},"fnMap":{"0":{"name":"(anonymous_0)","decl":{"start":{"line":1,"column":19},"end":{"line":1,"column":20}},"loc":{"start":{"line":1,"column":44},"end":{"line":3,"column":1}}}},"branchMap":{},"s":{"0":1,"1":1,"2":1},"f":{"0":1},"b":{}}
}
